process {
  version: 'v18.17.1',
  versions: {
    node: '18.17.1',
    acorn: '8.8.2',
    ada: '2.5.0',
    ares: '1.19.1',
    brotli: '1.0.9',
    cldr: '43.0',
    icu: '73.1',
    llhttp: '6.0.11',
    modules: '108',
    napi: '9',
    nghttp2: '1.52.0',
    nghttp3: '0.7.0',
    ngtcp2: '0.8.1',
    openssl: '3.0.10+quic',
    simdutf: '3.2.12',
    tz: '2023c',
    undici: '5.22.1',
    unicode: '15.0',
    uv: '1.44.2',
    uvwasi: '0.0.18',
    v8: '10.2.154.26-node.26',
    zlib: '1.2.13.1-motley'
  },
  arch: 'x64',
  platform: 'win32',
  release: {
    name: 'node',
    lts: 'Hydrogen',
    sourceUrl: 'https://nodejs.org/download/release/v18.17.1/node-v18.17.1.tar.gz',
    headersUrl: 'https://nodejs.org/download/release/v18.17.1/node-v18.17.1-headers.tar.gz',
    libUrl: 'https://nodejs.org/download/release/v18.17.1/win-x64/node.lib'
  },
  _rawDebug: [Function: _rawDebug],
  moduleLoadList: [
    'Internal Binding builtins',
    'Internal Binding errors',
    'Internal Binding util',
    'NativeModule internal/errors',
    'Internal Binding config',
    'Internal Binding timers',
    'Internal Binding async_wrap',
    'Internal Binding constants',
    'Internal Binding types',
    'NativeModule internal/util',
    'NativeModule internal/util/types',
    'NativeModule internal/validators',
    'NativeModule internal/promise_hooks',
    'Internal Binding task_queue',
    'Internal Binding symbols',
    'NativeModule internal/async_hooks',
    'NativeModule internal/linkedlist',
    'NativeModule internal/priority_queue',
    'NativeModule internal/assert',
    'Internal Binding icu',
    'NativeModule internal/util/inspect',
    'NativeModule internal/util/debuglog',
    'NativeModule internal/timers',
    'NativeModule events',
    'Internal Binding buffer',
    'Internal Binding string_decoder',
    'NativeModule internal/buffer',
    'Internal Binding blob',
    'NativeModule internal/encoding',
    'Internal Binding messaging',
    'NativeModule internal/worker/js_transferable',
    'NativeModule internal/constants',
    'NativeModule internal/blob',
    'NativeModule internal/file',
    'NativeModule buffer',
    'NativeModule internal/modules/esm/handle_process_exit',
    'Internal Binding process_methods',
    'NativeModule internal/process/per_thread',
    'Internal Binding credentials',
    'NativeModule internal/process/promises',
    'NativeModule internal/fixed_queue',
    'NativeModule async_hooks',
    'NativeModule internal/process/task_queues',
    'Internal Binding worker',
    'NativeModule internal/util/parse_args/utils',
    'NativeModule internal/util/parse_args/parse_args',
    'NativeModule internal/mime',
    'NativeModule util',
    'NativeModule internal/webidl',
    'Internal Binding performance',
    'NativeModule internal/perf/utils',
    'NativeModule internal/event_target',
    'NativeModule timers',
    'NativeModule internal/abort_controller',
    'NativeModule internal/streams/utils',
    'NativeModule internal/streams/end-of-stream',
    'NativeModule internal/streams/destroy',
    'NativeModule internal/streams/legacy',
    'NativeModule internal/streams/add-abort-signal',
    'NativeModule internal/streams/buffer_list',
    'NativeModule internal/streams/state',
    'NativeModule string_decoder',
    'NativeModule internal/streams/from',
    'NativeModule internal/streams/readable',
    'NativeModule internal/streams/writable',
    'NativeModule internal/streams/duplex',
    'NativeModule internal/streams/pipeline',
    'NativeModule internal/streams/compose',
    'NativeModule internal/streams/operators',
    'NativeModule stream/promises',
    'NativeModule internal/streams/transform',
    'NativeModule internal/streams/passthrough',
    'NativeModule stream',
    'NativeModule internal/worker/io',
    'NativeModule internal/structured_clone',
    'Internal Binding trace_events',
    'NativeModule path',
    'NativeModule internal/process/execution',
    'NativeModule internal/process/warning',
    'Internal Binding fs',
    'NativeModule internal/querystring',
    'NativeModule querystring',
    'Internal Binding url',
    'NativeModule internal/url',
    'NativeModule internal/fs/utils',
    'Internal Binding fs_dir',
    'NativeModule internal/fs/dir',
    'Internal Binding fs_event_wrap',
    'Internal Binding uv',
    'NativeModule internal/fs/watchers',
    'NativeModule internal/fs/read_file_context',
    'NativeModule fs',
    'Internal Binding serdes',
    'Internal Binding mksnapshot',
    'NativeModule internal/v8/startup_snapshot',
    'Internal Binding profiler',
    'Internal Binding heap_utils',
    'Internal Binding stream_wrap',
    'NativeModule internal/stream_base_commons',
    'NativeModule internal/heap_utils',
    ... 159 more items
  ],
  binding: [Function: binding],
  _linkedBinding: [Function: _linkedBinding],
  _events: [Object: null prototype] {
    newListener: [
      [Function: startListeningIfSignal],
      [Function (anonymous)],
      [Function: onNewListener]
    ],
    removeListener: [ [Function: stopListeningIfSignal], [Function: onRemoveListener] ],
    warning: [Function: onWarning],
    internalMessage: [Function (anonymous)],
    SIGWINCH: [
      [Function: refreshStdoutOnSigWinch],
      [Function: refreshStderrOnSigWinch]
    ],
    message: [AsyncFunction (anonymous)],
    exit: [Function (anonymous)],
    SIGINT: [Function (anonymous)],
    SIGTERM: [Function (anonymous)],
    rejectionHandled: [ [Function (anonymous)], [Function (anonymous)] ],
    uncaughtException: [
      [Function: exception],
      [Function (anonymous)],
      [Function: bound logError] AsyncFunction
    ],
    unhandledRejection: [
      [Function: exception],
      [Function (anonymous)],
      [Function (anonymous)],
      [Function: bound logError] AsyncFunction
    ]
  },
  _eventsCount: 12,
  _maxListeners: undefined,
  domain: null,
  _exiting: [Getter/Setter],
  config: [Getter/Setter],
  dlopen: [Function: dlopen],
  uptime: [Function: uptime],
  _getActiveRequests: [Function: _getActiveRequests],
  _getActiveHandles: [Function: _getActiveHandles],
  getActiveResourcesInfo: [Function: getActiveResourcesInfo],
  reallyExit: [Function: reallyExit],
  _kill: [Function: _kill],
  cpuUsage: [Function: cpuUsage],
  resourceUsage: [Function: resourceUsage],
  memoryUsage: [Function: memoryUsage] { rss: [Function: rss] },
  constrainedMemory: [Function: constrainedMemory],
  kill: [Function: kill],
  exit: [Function: exit],
  hrtime: [Function: hrtime] { bigint: [Function: hrtimeBigInt] },
  openStdin: [Function (anonymous)],
  allowedNodeEnvironmentFlags: NodeEnvironmentFlagsSet(0) [Set] {
    '--icu-data-dir',
    '--title',
    '--use-largepages',
    '--trace-tls',
    '--no-trace-tls',
    '--trace-event-categories',
    '--trace-event-file-pattern',
    '--v8-pool-size',
    '--force-context-aware',
    '--no-force-context-aware',
    '--disallow-code-generation-from-strings',
    '--report-dir',
    '--trace-sync-io',
    '--no-trace-sync-io',
    '--zero-fill-buffers',
    '--no-zero-fill-buffers',
    '--diagnostic-dir',
    '--node-snapshot',
    '--no-node-snapshot',
    '--experimental-worker',
    '--disable-proto',
    '--debug-arraybuffer-allocations',
    '--no-debug-arraybuffer-allocations',
    '--abort-on-uncaught-exception',
    '--snapshot-blob',
    '--pending-deprecation',
    '--no-pending-deprecation',
    '--use-bundled-ca',
    '--no-use-bundled-ca',
    '--report-filename',
    '--report-compact',
    '--no-report-compact',
    '--report-on-fatalerror',
    '--no-report-on-fatalerror',
    '--perf-prof',
    '--report-signal',
    '--preserve-symlinks-main',
    '--no-preserve-symlinks-main',
    '--openssl-config',
    '--tls-cipher-list',
    '--use-openssl-ca',
    '--no-use-openssl-ca',
    '--node-memory-debug',
    '--enable-fips',
    '--no-enable-fips',
    '--force-fips',
    '--no-force-fips',
    '--secure-heap',
    '--secure-heap-min',
    '--openssl-legacy-provider',
    '--no-openssl-legacy-provider',
    '--openssl-shared-config',
    '--no-openssl-shared-config',
    '--trace-sigint',
    '--no-trace-sigint',
    '--track-heap-objects',
    '--no-track-heap-objects',
    '--warnings',
    '--no-warnings',
    '--experimental-repl-await',
    '--no-experimental-repl-await',
    '--experimental-json-modules',
    '--interpreted-frames-native-stack',
    '--perf-basic-prof-only-functions',
    '--max-old-space-size',
    '--max-semi-space-size',
    '--perf-basic-prof',
    '--perf-prof-unwinding-info',
    '--unhandled-rejections',
    '--experimental-network-imports',
    '--no-experimental-network-imports',
    '--stack-trace-limit',
    '--jitless',
    '--experimental-top-level-await',
    '--require',
    '--huge-max-old-generation-size',
    '--experimental-shadow-realm',
    '--no-experimental-shadow-realm',
    '--report-uncaught-exception',
    '--no-report-uncaught-exception',
    '--report-on-signal',
    '--no-report-on-signal',
    '--enable-etw-stack-walking',
    '--frozen-intrinsics',
    '--no-frozen-intrinsics',
    '--force-async-hooks-checks',
    '--no-force-async-hooks-checks',
    '--conditions',
    '--experimental-global-webcrypto',
    '--no-experimental-global-webcrypto',
    '--experimental-vm-modules',
    '--no-experimental-vm-modules',
    '--dns-result-order',
    '--experimental-abortcontroller',
    '--experimental-policy',
    '--enable-source-maps',
    '--no-enable-source-maps',
    '--experimental-fetch',
    '--no-experimental-fetch',
    '--deprecation',
    '--no-deprecation',
    '--experimental-global-customevent',
    '--no-experimental-global-customevent',
    '--trace-exit',
    '--no-trace-exit',
    '--experimental-loader',
    '--test-reporter',
    '--experimental-modules',
    '--experimental-wasm-modules',
    '--no-experimental-wasm-modules',
    '--experimental-import-meta-resolve',
    '--no-experimental-import-meta-resolve',
    '--policy-integrity',
    '--experimental-report',
    '--experimental-wasi-unstable-preview1',
    '--insecure-http-parser',
    '--no-insecure-http-parser',
    '--trace-uncaught',
    '--no-trace-uncaught',
    '--input-type',
    '--heapsnapshot-signal',
    '--heapsnapshot-near-heap-limit',
    '--http-parser',
    '--experimental-specifier-resolution',
    '--force-node-api-uncaught-exceptions-policy',
    '--no-force-node-api-uncaught-exceptions-policy',
    '--addons',
    '--no-addons',
    '--global-search-paths',
    '--no-global-search-paths',
    '--trace-atomics-wait',
    '--no-trace-atomics-wait',
    '--preserve-symlinks',
    '--no-preserve-symlinks',
    '--test-only',
    '--no-test-only',
    '--throw-deprecation',
    '--no-throw-deprecation',
    '--max-http-header-size',
    '--test-reporter-destination',
    '--redirect-warnings',
    '--trace-deprecation',
    '--no-trace-deprecation',
    '--trace-warnings',
    '--no-trace-warnings',
    '--extra-info-on-fatal-exception',
    '--no-extra-info-on-fatal-exception',
    '--verify-base-objects',
    '--no-verify-base-objects',
    '--watch',
    '--no-watch',
    '--watch-path',
    '--watch-preserve-output',
    '--no-watch-preserve-output',
    '--inspect',
    '--no-inspect',
    '--napi-modules',
    '--tls-keylog',
    '--tls-min-v1.0',
    '--no-tls-min-v1.0',
    '--tls-min-v1.1',
    '--no-tls-min-v1.1',
    '--tls-min-v1.2',
    '--no-tls-min-v1.2',
    '--tls-min-v1.3',
    '--no-tls-min-v1.3',
    '--tls-max-v1.2',
    '--no-tls-max-v1.2',
    '--tls-max-v1.3',
    '--no-tls-max-v1.3',
    '--inspect-port',
    '--inspect-brk',
    '--no-inspect-brk',
    '--inspect-publish-uid',
    '--debug-port',
    '--trace-events-enabled',
    '--report-directory',
    '-C',
    '--loader',
    '--es-module-specifier-resolution',
    '--prof-process',
    '-r',
    [Symbol(internal properties)]: { array: [Array], set: [Set] }
  },
  assert: [Function: deprecated],
  features: {
    inspector: true,
    debug: false,
    uv: true,
    ipv6: true,
    tls_alpn: true,
    tls_sni: true,
    tls_ocsp: true,
    tls: true,
    cached_builtins: [Getter]
  },
  _fatalException: [Function (anonymous)],
  setUncaughtExceptionCaptureCallback: [Function: setUncaughtExceptionCaptureCallback],
  hasUncaughtExceptionCaptureCallback: [Function: hasUncaughtExceptionCaptureCallback],
  emitWarning: [Function: emitWarning],
  nextTick: [Function: nextTick],
  _tickCallback: [Function: runNextTicks],
  _debugProcess: [Function: _debugProcess],
  _debugEnd: [Function: _debugEnd],
  _startProfilerIdleNotifier: [Function (anonymous)],
  _stopProfilerIdleNotifier: [Function (anonymous)],
  stdout: [Getter],
  stdin: [Getter],
  stderr: [Getter],
  abort: [Function: abort],
  umask: [Function: wrappedUmask],
  chdir: [Function (anonymous)],
  cwd: [Function (anonymous)],
  env: {
    ALLUSERSPROFILE: 'C:\\ProgramData',
    APPDATA: 'C:\\Users\\memor\\AppData\\Roaming',
    ChocolateyInstall: 'C:\\ProgramData\\chocolatey',
    ChocolateyLastPathUpdate: '133394164449812218',
    COLOR: '1',
    COMMONPROGRAMFILES: 'C:\\Program Files\\Common Files',
    'CommonProgramFiles(x86)': 'C:\\Program Files (x86)\\Common Files',
    CommonProgramW6432: 'C:\\Program Files\\Common Files',
    COMPUTERNAME: 'KOUSUKE',
    COMSPEC: 'C:\\Windows\\system32\\cmd.exe',
    DriverData: 'C:\\Windows\\System32\\Drivers\\DriverData',
    EDITOR: 'C:\\Windows\\notepad.exe',
    EXEPATH: 'C:\\Program Files\\Git\\bin',
    GOPATH: 'C:\\Users\\memor\\go',
    HOME: 'C:\\Users\\memor',
    HOMEDRIVE: 'C:',
    HOMEPATH: '\\Users\\memor',
    INIT_CWD: 'C:\\Users\\memor\\Documents\\SelfStudy\\mysite_next\\nextjs-blog',
    LOCALAPPDATA: 'C:\\Users\\memor\\AppData\\Local',
    LOGONSERVER: '\\\\KOUSUKE',
    MSYSTEM: 'MINGW64',
    NEXT_DEPLOYMENT_ID: '',
    NEXT_PRIVATE_WORKER: '1',
    NEXT_RUNTIME: 'nodejs',
    NODE: 'C:\\Program Files\\nodejs\\node.exe',
    NODE_ENV: 'development',
    NODE_OPTIONS: ' --max-old-space-size=8005',
    npm_command: 'run-script',
    npm_config_cache: 'C:\\Users\\memor\\AppData\\Local\\npm-cache',
    npm_config_globalconfig: 'C:\\Users\\memor\\AppData\\Roaming\\npm\\etc\\npmrc',
    npm_config_global_prefix: 'C:\\Users\\memor\\AppData\\Roaming\\npm',
    npm_config_init_module: 'C:\\Users\\memor\\.npm-init.js',
    npm_config_local_prefix: 'C:\\Users\\memor\\Documents\\SelfStudy\\mysite_next\\nextjs-blog',
    npm_config_metrics_registry: 'https://registry.npmjs.org/',
    npm_config_node_gyp: 'C:\\Program Files\\nodejs\\node_modules\\npm\\node_modules\\node-gyp\\bin\\node-gyp.js',
    npm_config_noproxy: '',
    npm_config_prefix: 'C:\\Users\\memor\\AppData\\Roaming\\npm',
    npm_config_userconfig: 'C:\\Users\\memor\\.npmrc',
    npm_config_user_agent: 'npm/9.6.7 node/v18.17.1 win32 x64 workspaces/false',
    npm_execpath: 'C:\\Program Files\\nodejs\\node_modules\\npm\\bin\\npm-cli.js',
    npm_lifecycle_event: 'dev',
    npm_lifecycle_script: 'next dev',
    npm_node_execpath: 'C:\\Program Files\\nodejs\\node.exe',
    npm_package_engines_node: '>=18',
    npm_package_json: 'C:\\Users\\memor\\Documents\\SelfStudy\\mysite_next\\nextjs-blog\\package.json',
    NUMBER_OF_PROCESSORS: '16',
    OLDPWD: 'C:/Users/memor/Documents/SelfStudy/mysite_next',
    OneDrive: 'C:\\Users\\memor\\OneDrive',
    OneDriveConsumer: 'C:\\Users\\memor\\OneDrive',
    OS: 'Windows_NT',
    PATH: 'C:\\Users\\memor\\Documents\\SelfStudy\\mysite_next\\nextjs-blog\\node_modules\\.bin;C:\\Users\\memor\\Documents\\SelfStudy\\mysite_next\\node_modules\\.bin;C:\\Users\\memor\\Documents\\SelfStudy\\node_modules\\.bin;C:\\Users\\memor\\Documents\\node_modules\\.bin;C:\\Users\\memor\\node_modules\\.bin;C:\\Users\\node_modules\\.bin;C:\\node_modules\\.bin;C:\\Program Files\\nodejs\\node_modules\\npm\\node_modules\\@npmcli\\run-script\\lib\\node-gyp-bin;C:\\Program Files\\Git\\mingw64\\bin;C:\\Program Files\\Git\\usr\\bin;C:\\Users\\memor\\bin;C:\\Python311\\Scripts;C:\\Python311;C:\\Program Files (x86)\\Microsoft SDKs\\Azure\\CLI2\\wbin;C:\\Program Files\\Common Files\\Oracle\\Java\\javapath;C:\\Windows\\system32;C:\\Windows;C:\\Windows\\System32\\Wbem;C:\\Windows\\System32\\WindowsPowerShell\\v1.0;C:\\Windows\\System32\\OpenSSH;C:\\Program Files\\Java\\jdk-20;C:\\Program Files\\dotnet;C:\\Program Files\\Git\\cmd;C:\\Program Files\\Docker\\Docker\\resources\\bin;C:\\Program Files\\nodejs;C:\\ProgramData\\chocolatey\\bin;C:\\Program Files\\Go\\bin;C:\\Users\\memor\\AppData\\Local\\Microsoft\\WindowsApps;C:\\Users\\memor\\AppData\\Local\\Programs\\Microsoft VS Code\\bin;C:\\Users\\memor\\Documents\\InstalledSoftware\\sqlite-tools-win32-x86-3410200;C:\\Users\\memor\\miniconda3\\Scripts;C:\\Users\\memor\\.dotnet\\tools;C:\\Users\\memor\\AppData\\Roaming\\npm;C:\\Users\\memor\\go\\bin',
    PATHEXT: '.COM;.EXE;.BAT;.CMD;.VBS;.VBE;.JS;.JSE;.WSF;.WSH;.MSC;.PY;.PYW',
    PLINK_PROTOCOL: 'ssh',
    PORT: '3000',
    PROCESSOR_ARCHITECTURE: 'AMD64',
    PROCESSOR_IDENTIFIER: 'Intel64 Family 6 Model 154 Stepping 3, GenuineIntel',
    PROCESSOR_LEVEL: '6',
    PROCESSOR_REVISION: '9a03',
    ProgramData: 'C:\\ProgramData',
    PROGRAMFILES: 'C:\\Program Files',
    'ProgramFiles(x86)': 'C:\\Program Files (x86)',
    ProgramW6432: 'C:\\Program Files',
    PROMPT: '$P$G',
    PSModulePath: 'C:\\Program Files\\WindowsPowerShell\\Modules;C:\\Windows\\system32\\WindowsPowerShell\\v1.0\\Modules',
    PUBLIC: 'C:\\Users\\Public',
    PWD: 'C:/Users/memor/Documents/SelfStudy/mysite_next/nextjs-blog',
    SESSIONNAME: 'Console',
    SHLVL: '2',
    SYSTEMDRIVE: 'C:',
    SYSTEMROOT: 'C:\\Windows',
    TEMP: 'C:\\Users\\memor\\AppData\\Local\\Temp',
    TERM: 'xterm-256color',
    TMP: 'C:\\Users\\memor\\AppData\\Local\\Temp',
    USERDOMAIN: 'KOUSUKE',
    USERDOMAIN_ROAMINGPROFILE: 'KOUSUKE',
    USERNAME: 'memor',
    USERPROFILE: 'C:\\Users\\memor',
    VBOX_MSI_INSTALL_PATH: 'C:\\Program Files\\Oracle\\VirtualBox\\',
    WINDIR: 'C:\\Windows',
    WSLENV: 'WT_SESSION:WT_PROFILE_ID:',
    WT_PROFILE_ID: '{71dcdc60-1a3c-40d9-b402-13578de62cc1}',
    WT_SESSION: 'ca0c5d9b-5dfb-4d66-a6a0-cac9de9df078',
    ZES_ENABLE_SYSMAN: '1',
    _: 'C:/Program Files/nodejs/node.exe',
    __NEXT_OPTIMIZE_FONTS: 'true',
    __NEXT_PRIVATE_RUNTIME_TYPE: 'pages',
    __NEXT_PROCESSED_ENV: 'true'
  },
  title: 'next-server',
  argv: [
    'C:\\Program Files\\nodejs\\node.exe',
    'C:\\Users\\memor\\Documents\\SelfStudy\\mysite_next\\nextjs-blog\\node_modules\\next\\dist\\server\\lib\\start-server.js'
  ],
  execArgv: [],
  pid: 150076,
  ppid: 159320,
  execPath: 'C:\\Program Files\\nodejs\\node.exe',
  debugPort: 9229,
  argv0: 'C:\\Program Files\\nodejs\\node.exe',
  exitCode: undefined,
  _preload_modules: [],
  report: [Getter],
  setSourceMapsEnabled: [Function: setSourceMapsEnabled],
  channel: Control {
    _events: [Object: null prototype] {},
    _eventsCount: 0,
    _maxListeners: undefined,
    [Symbol(kCapture)]: false,
    [Symbol(kPendingMessages)]: []
  },
  _handleQueue: null,
  _pendingMessage: null,
  send: [Function (anonymous)],
  _send: [Function (anonymous)],
  connected: true,
  disconnect: [Function (anonymous)],
  _disconnect: [Function (anonymous)],
  mainModule: {
    id: '.',
    path: 'C:\\Users\\memor\\Documents\\SelfStudy\\mysite_next\\nextjs-blog\\node_modules\\next\\dist\\server\\lib',
    exports: { getRequestHandlers: [Getter], startServer: [Getter] },
    filename: 'C:\\Users\\memor\\Documents\\SelfStudy\\mysite_next\\nextjs-blog\\node_modules\\next\\dist\\server\\lib\\start-server.js',
    loaded: true,
    children: [
      [Object], [Object],
      [Object], [Object],
      [Object], [Object],
      [Object], [Object],
      [Object], [Object],
      [Object], [Object]
    ],
    paths: [
      'C:\\Users\\memor\\Documents\\SelfStudy\\mysite_next\\nextjs-blog\\node_modules\\next\\dist\\server\\lib\\node_modules',
      'C:\\Users\\memor\\Documents\\SelfStudy\\mysite_next\\nextjs-blog\\node_modules\\next\\dist\\server\\node_modules',
      'C:\\Users\\memor\\Documents\\SelfStudy\\mysite_next\\nextjs-blog\\node_modules\\next\\dist\\node_modules',
      'C:\\Users\\memor\\Documents\\SelfStudy\\mysite_next\\nextjs-blog\\node_modules\\next\\node_modules',
      'C:\\Users\\memor\\Documents\\SelfStudy\\mysite_next\\nextjs-blog\\node_modules',
      'C:\\Users\\memor\\Documents\\SelfStudy\\mysite_next\\node_modules',
      'C:\\Users\\memor\\Documents\\SelfStudy\\node_modules',
      'C:\\Users\\memor\\Documents\\node_modules',
      'C:\\Users\\memor\\node_modules',
      'C:\\Users\\node_modules',
      'C:\\node_modules'
    ]
  },
  __signal_exit_emitter__: EventEmitter {
    _events: [Object: null prototype] {},
    _eventsCount: 0,
    _maxListeners: Infinity,
    count: 0,
    emitted: {},
    infinite: true,
    [Symbol(kCapture)]: false
  },
  [Symbol(kCapture)]: false,
  [Symbol(kChannelHandle)]: Pipe {
    pendingHandle: null,
    sockets: { got: {}, send: {} },
    buffering: false,
    [Symbol(kJSONBuffer)]: '',
    [Symbol(kStringDecoder)]: StringDecoder {
      encoding: 'utf8',
      [Symbol(kNativeDecoder)]: <Buffer 00 00 00 00 00 00 01>
    }
  }
}
process {
  version: 'v18.17.1',
  versions: {
    node: '18.17.1',
    acorn: '8.8.2',
    ada: '2.5.0',
    ares: '1.19.1',
    brotli: '1.0.9',
    cldr: '43.0',
    icu: '73.1',
    llhttp: '6.0.11',
    modules: '108',
    napi: '9',
    nghttp2: '1.52.0',
    nghttp3: '0.7.0',
    ngtcp2: '0.8.1',
    openssl: '3.0.10+quic',
    simdutf: '3.2.12',
    tz: '2023c',
    undici: '5.22.1',
    unicode: '15.0',
    uv: '1.44.2',
    uvwasi: '0.0.18',
    v8: '10.2.154.26-node.26',
    zlib: '1.2.13.1-motley'
  },
  arch: 'x64',
  platform: 'win32',
  release: {
    name: 'node',
    lts: 'Hydrogen',
    sourceUrl: 'https://nodejs.org/download/release/v18.17.1/node-v18.17.1.tar.gz',
    headersUrl: 'https://nodejs.org/download/release/v18.17.1/node-v18.17.1-headers.tar.gz',
    libUrl: 'https://nodejs.org/download/release/v18.17.1/win-x64/node.lib'
  },
  _rawDebug: [Function: _rawDebug],
  moduleLoadList: [
    'Internal Binding builtins',
    'Internal Binding errors',
    'Internal Binding util',
    'NativeModule internal/errors',
    'Internal Binding config',
    'Internal Binding timers',
    'Internal Binding async_wrap',
    'Internal Binding constants',
    'Internal Binding types',
    'NativeModule internal/util',
    'NativeModule internal/util/types',
    'NativeModule internal/validators',
    'NativeModule internal/promise_hooks',
    'Internal Binding task_queue',
    'Internal Binding symbols',
    'NativeModule internal/async_hooks',
    'NativeModule internal/linkedlist',
    'NativeModule internal/priority_queue',
    'NativeModule internal/assert',
    'Internal Binding icu',
    'NativeModule internal/util/inspect',
    'NativeModule internal/util/debuglog',
    'NativeModule internal/timers',
    'NativeModule events',
    'Internal Binding buffer',
    'Internal Binding string_decoder',
    'NativeModule internal/buffer',
    'Internal Binding blob',
    'NativeModule internal/encoding',
    'Internal Binding messaging',
    'NativeModule internal/worker/js_transferable',
    'NativeModule internal/constants',
    'NativeModule internal/blob',
    'NativeModule internal/file',
    'NativeModule buffer',
    'NativeModule internal/modules/esm/handle_process_exit',
    'Internal Binding process_methods',
    'NativeModule internal/process/per_thread',
    'Internal Binding credentials',
    'NativeModule internal/process/promises',
    'NativeModule internal/fixed_queue',
    'NativeModule async_hooks',
    'NativeModule internal/process/task_queues',
    'Internal Binding worker',
    'NativeModule internal/util/parse_args/utils',
    'NativeModule internal/util/parse_args/parse_args',
    'NativeModule internal/mime',
    'NativeModule util',
    'NativeModule internal/webidl',
    'Internal Binding performance',
    'NativeModule internal/perf/utils',
    'NativeModule internal/event_target',
    'NativeModule timers',
    'NativeModule internal/abort_controller',
    'NativeModule internal/streams/utils',
    'NativeModule internal/streams/end-of-stream',
    'NativeModule internal/streams/destroy',
    'NativeModule internal/streams/legacy',
    'NativeModule internal/streams/add-abort-signal',
    'NativeModule internal/streams/buffer_list',
    'NativeModule internal/streams/state',
    'NativeModule string_decoder',
    'NativeModule internal/streams/from',
    'NativeModule internal/streams/readable',
    'NativeModule internal/streams/writable',
    'NativeModule internal/streams/duplex',
    'NativeModule internal/streams/pipeline',
    'NativeModule internal/streams/compose',
    'NativeModule internal/streams/operators',
    'NativeModule stream/promises',
    'NativeModule internal/streams/transform',
    'NativeModule internal/streams/passthrough',
    'NativeModule stream',
    'NativeModule internal/worker/io',
    'NativeModule internal/structured_clone',
    'Internal Binding trace_events',
    'NativeModule path',
    'NativeModule internal/process/execution',
    'NativeModule internal/process/warning',
    'Internal Binding fs',
    'NativeModule internal/querystring',
    'NativeModule querystring',
    'Internal Binding url',
    'NativeModule internal/url',
    'NativeModule internal/fs/utils',
    'Internal Binding fs_dir',
    'NativeModule internal/fs/dir',
    'Internal Binding fs_event_wrap',
    'Internal Binding uv',
    'NativeModule internal/fs/watchers',
    'NativeModule internal/fs/read_file_context',
    'NativeModule fs',
    'Internal Binding serdes',
    'Internal Binding mksnapshot',
    'NativeModule internal/v8/startup_snapshot',
    'Internal Binding profiler',
    'Internal Binding heap_utils',
    'Internal Binding stream_wrap',
    'NativeModule internal/stream_base_commons',
    'NativeModule internal/heap_utils',
    ... 144 more items
  ],
  binding: [Function: binding],
  _linkedBinding: [Function: _linkedBinding],
  _events: [Object: null prototype] {
    newListener: [
      [Function: startListeningIfSignal],
      [Function (anonymous)],
      [Function: onNewListener]
    ],
    removeListener: [ [Function: stopListeningIfSignal], [Function: onRemoveListener] ],
    warning: [Function: onWarning],
    internalMessage: [Function (anonymous)],
    message: [Function: messageListener]
  },
  _eventsCount: 5,
  _maxListeners: undefined,
  domain: null,
  _exiting: [Getter/Setter],
  config: [Getter/Setter],
  dlopen: [Function: dlopen],
  uptime: [Function: uptime],
  _getActiveRequests: [Function: _getActiveRequests],
  _getActiveHandles: [Function: _getActiveHandles],
  getActiveResourcesInfo: [Function: getActiveResourcesInfo],
  reallyExit: [Function: reallyExit],
  _kill: [Function: _kill],
  cpuUsage: [Function: cpuUsage],
  resourceUsage: [Function: resourceUsage],
  memoryUsage: [Function: memoryUsage] { rss: [Function: rss] },
  constrainedMemory: [Function: constrainedMemory],
  kill: [Function: kill],
  exit: [Function: exit],
  hrtime: [Function: hrtime] { bigint: [Function: hrtimeBigInt] },
  openStdin: [Function (anonymous)],
  allowedNodeEnvironmentFlags: [Getter/Setter],
  assert: [Function: deprecated],
  features: {
    inspector: true,
    debug: false,
    uv: true,
    ipv6: true,
    tls_alpn: true,
    tls_sni: true,
    tls_ocsp: true,
    tls: true,
    cached_builtins: [Getter]
  },
  _fatalException: [Function (anonymous)],
  setUncaughtExceptionCaptureCallback: [Function: setUncaughtExceptionCaptureCallback],
  hasUncaughtExceptionCaptureCallback: [Function: hasUncaughtExceptionCaptureCallback],
  emitWarning: [Function: emitWarning],
  nextTick: [Function: nextTick],
  _tickCallback: [Function: runNextTicks],
  _debugProcess: [Function: _debugProcess],
  _debugEnd: [Function: _debugEnd],
  _startProfilerIdleNotifier: [Function (anonymous)],
  _stopProfilerIdleNotifier: [Function (anonymous)],
  stdout: [Getter],
  stdin: [Getter],
  stderr: [Getter],
  abort: [Function: abort],
  umask: [Function: wrappedUmask],
  chdir: [Function (anonymous)],
  cwd: [Function: wrappedCwd],
  env: {
    ALLUSERSPROFILE: 'C:\\ProgramData',
    APPDATA: 'C:\\Users\\memor\\AppData\\Roaming',
    ChocolateyInstall: 'C:\\ProgramData\\chocolatey',
    ChocolateyLastPathUpdate: '133394164449812218',
    COLOR: '1',
    COMMONPROGRAMFILES: 'C:\\Program Files\\Common Files',
    'CommonProgramFiles(x86)': 'C:\\Program Files (x86)\\Common Files',
    CommonProgramW6432: 'C:\\Program Files\\Common Files',
    COMPUTERNAME: 'KOUSUKE',
    COMSPEC: 'C:\\Windows\\system32\\cmd.exe',
    DriverData: 'C:\\Windows\\System32\\Drivers\\DriverData',
    EDITOR: 'C:\\Windows\\notepad.exe',
    EXEPATH: 'C:\\Program Files\\Git\\bin',
    GOPATH: 'C:\\Users\\memor\\go',
    HOME: 'C:\\Users\\memor',
    HOMEDRIVE: 'C:',
    HOMEPATH: '\\Users\\memor',
    INIT_CWD: 'C:\\Users\\memor\\Documents\\SelfStudy\\mysite_next\\nextjs-blog',
    LOCALAPPDATA: 'C:\\Users\\memor\\AppData\\Local',
    LOGONSERVER: '\\\\KOUSUKE',
    MSYSTEM: 'MINGW64',
    NEXT_DEPLOYMENT_ID: '',
    NEXT_PRIVATE_WORKER: '1',
    NEXT_RUNTIME: 'nodejs',
    NODE: 'C:\\Program Files\\nodejs\\node.exe',
    NODE_ENV: 'development',
    NODE_OPTIONS: ' --max-old-space-size=8005',
    npm_command: 'run-script',
    npm_config_cache: 'C:\\Users\\memor\\AppData\\Local\\npm-cache',
    npm_config_globalconfig: 'C:\\Users\\memor\\AppData\\Roaming\\npm\\etc\\npmrc',
    npm_config_global_prefix: 'C:\\Users\\memor\\AppData\\Roaming\\npm',
    npm_config_init_module: 'C:\\Users\\memor\\.npm-init.js',
    npm_config_local_prefix: 'C:\\Users\\memor\\Documents\\SelfStudy\\mysite_next\\nextjs-blog',
    npm_config_metrics_registry: 'https://registry.npmjs.org/',
    npm_config_node_gyp: 'C:\\Program Files\\nodejs\\node_modules\\npm\\node_modules\\node-gyp\\bin\\node-gyp.js',
    npm_config_noproxy: '',
    npm_config_prefix: 'C:\\Users\\memor\\AppData\\Roaming\\npm',
    npm_config_userconfig: 'C:\\Users\\memor\\.npmrc',
    npm_config_user_agent: 'npm/9.6.7 node/v18.17.1 win32 x64 workspaces/false',
    npm_execpath: 'C:\\Program Files\\nodejs\\node_modules\\npm\\bin\\npm-cli.js',
    npm_lifecycle_event: 'dev',
    npm_lifecycle_script: 'next dev',
    npm_node_execpath: 'C:\\Program Files\\nodejs\\node.exe',
    npm_package_engines_node: '>=18',
    npm_package_json: 'C:\\Users\\memor\\Documents\\SelfStudy\\mysite_next\\nextjs-blog\\package.json',
    NUMBER_OF_PROCESSORS: '16',
    OLDPWD: 'C:/Users/memor/Documents/SelfStudy/mysite_next',
    OneDrive: 'C:\\Users\\memor\\OneDrive',
    OneDriveConsumer: 'C:\\Users\\memor\\OneDrive',
    OS: 'Windows_NT',
    PATH: 'C:\\Users\\memor\\Documents\\SelfStudy\\mysite_next\\nextjs-blog\\node_modules\\.bin;C:\\Users\\memor\\Documents\\SelfStudy\\mysite_next\\node_modules\\.bin;C:\\Users\\memor\\Documents\\SelfStudy\\node_modules\\.bin;C:\\Users\\memor\\Documents\\node_modules\\.bin;C:\\Users\\memor\\node_modules\\.bin;C:\\Users\\node_modules\\.bin;C:\\node_modules\\.bin;C:\\Program Files\\nodejs\\node_modules\\npm\\node_modules\\@npmcli\\run-script\\lib\\node-gyp-bin;C:\\Program Files\\Git\\mingw64\\bin;C:\\Program Files\\Git\\usr\\bin;C:\\Users\\memor\\bin;C:\\Python311\\Scripts;C:\\Python311;C:\\Program Files (x86)\\Microsoft SDKs\\Azure\\CLI2\\wbin;C:\\Program Files\\Common Files\\Oracle\\Java\\javapath;C:\\Windows\\system32;C:\\Windows;C:\\Windows\\System32\\Wbem;C:\\Windows\\System32\\WindowsPowerShell\\v1.0;C:\\Windows\\System32\\OpenSSH;C:\\Program Files\\Java\\jdk-20;C:\\Program Files\\dotnet;C:\\Program Files\\Git\\cmd;C:\\Program Files\\Docker\\Docker\\resources\\bin;C:\\Program Files\\nodejs;C:\\ProgramData\\chocolatey\\bin;C:\\Program Files\\Go\\bin;C:\\Users\\memor\\AppData\\Local\\Microsoft\\WindowsApps;C:\\Users\\memor\\AppData\\Local\\Programs\\Microsoft VS Code\\bin;C:\\Users\\memor\\Documents\\InstalledSoftware\\sqlite-tools-win32-x86-3410200;C:\\Users\\memor\\miniconda3\\Scripts;C:\\Users\\memor\\.dotnet\\tools;C:\\Users\\memor\\AppData\\Roaming\\npm;C:\\Users\\memor\\go\\bin',
    PATHEXT: '.COM;.EXE;.BAT;.CMD;.VBS;.VBE;.JS;.JSE;.WSF;.WSH;.MSC;.PY;.PYW',
    PLINK_PROTOCOL: 'ssh',
    PORT: '3000',
    PROCESSOR_ARCHITECTURE: 'AMD64',
    PROCESSOR_IDENTIFIER: 'Intel64 Family 6 Model 154 Stepping 3, GenuineIntel',
    PROCESSOR_LEVEL: '6',
    PROCESSOR_REVISION: '9a03',
    ProgramData: 'C:\\ProgramData',
    PROGRAMFILES: 'C:\\Program Files',
    'ProgramFiles(x86)': 'C:\\Program Files (x86)',
    ProgramW6432: 'C:\\Program Files',
    PROMPT: '$P$G',
    PSModulePath: 'C:\\Program Files\\WindowsPowerShell\\Modules;C:\\Windows\\system32\\WindowsPowerShell\\v1.0\\Modules',
    PUBLIC: 'C:\\Users\\Public',
    PWD: 'C:/Users/memor/Documents/SelfStudy/mysite_next/nextjs-blog',
    SESSIONNAME: 'Console',
    SHLVL: '2',
    SYSTEMDRIVE: 'C:',
    SYSTEMROOT: 'C:\\Windows',
    TEMP: 'C:\\Users\\memor\\AppData\\Local\\Temp',
    TERM: 'xterm-256color',
    TMP: 'C:\\Users\\memor\\AppData\\Local\\Temp',
    USERDOMAIN: 'KOUSUKE',
    USERDOMAIN_ROAMINGPROFILE: 'KOUSUKE',
    USERNAME: 'memor',
    USERPROFILE: 'C:\\Users\\memor',
    VBOX_MSI_INSTALL_PATH: 'C:\\Program Files\\Oracle\\VirtualBox\\',
    WINDIR: 'C:\\Windows',
    WSLENV: 'WT_SESSION:WT_PROFILE_ID:',
    WT_PROFILE_ID: '{71dcdc60-1a3c-40d9-b402-13578de62cc1}',
    WT_SESSION: 'ca0c5d9b-5dfb-4d66-a6a0-cac9de9df078',
    ZES_ENABLE_SYSMAN: '1',
    _: 'C:/Program Files/nodejs/node.exe',
    __NEXT_OPTIMIZE_FONTS: 'true',
    __NEXT_PRIVATE_RUNTIME_TYPE: 'pages',
    __NEXT_PROCESSED_ENV: 'true'
  },
  title: 'npm config get registry',
  argv: [
    'C:\\Program Files\\nodejs\\node.exe',
    'C:\\Users\\memor\\Documents\\SelfStudy\\mysite_next\\nextjs-blog\\node_modules\\next\\dist\\compiled\\jest-worker\\processChild.js'
  ],
  execArgv: [],
  pid: 160760,
  ppid: 150076,
  execPath: 'C:\\Program Files\\nodejs\\node.exe',
  debugPort: 9229,
  argv0: 'C:\\Program Files\\nodejs\\node.exe',
  exitCode: undefined,
  _preload_modules: [],
  report: [Getter],
  setSourceMapsEnabled: [Function: setSourceMapsEnabled],
  channel: Control {
    _events: [Object: null prototype] {},
    _eventsCount: 0,
    _maxListeners: undefined,
    [Symbol(kCapture)]: false,
    [Symbol(kPendingMessages)]: []
  },
  _handleQueue: null,
  _pendingMessage: null,
  send: [Function (anonymous)],
  _send: [Function (anonymous)],
  connected: true,
  disconnect: [Function (anonymous)],
  _disconnect: [Function (anonymous)],
  mainModule: {
    id: '.',
    path: 'C:\\Users\\memor\\Documents\\SelfStudy\\mysite_next\\nextjs-blog\\node_modules\\next\\dist\\compiled\\jest-worker',
    exports: {},
    filename: 'C:\\Users\\memor\\Documents\\SelfStudy\\mysite_next\\nextjs-blog\\node_modules\\next\\dist\\compiled\\jest-worker\\processChild.js',
    loaded: true,
    children: [ [Object] ],
    paths: [
      'C:\\Users\\memor\\Documents\\SelfStudy\\mysite_next\\nextjs-blog\\node_modules\\next\\dist\\compiled\\jest-worker\\node_modules',
      'C:\\Users\\memor\\Documents\\SelfStudy\\mysite_next\\nextjs-blog\\node_modules\\next\\dist\\compiled\\node_modules',
      'C:\\Users\\memor\\Documents\\SelfStudy\\mysite_next\\nextjs-blog\\node_modules\\next\\dist\\node_modules',
      'C:\\Users\\memor\\Documents\\SelfStudy\\mysite_next\\nextjs-blog\\node_modules\\next\\node_modules',
      'C:\\Users\\memor\\Documents\\SelfStudy\\mysite_next\\nextjs-blog\\node_modules',
      'C:\\Users\\memor\\Documents\\SelfStudy\\mysite_next\\node_modules',
      'C:\\Users\\memor\\Documents\\SelfStudy\\node_modules',
      'C:\\Users\\memor\\Documents\\node_modules',
      'C:\\Users\\memor\\node_modules',
      'C:\\Users\\node_modules',
      'C:\\node_modules'
    ]
  },
  [Symbol(kCapture)]: false,
  [Symbol(kChannelHandle)]: Pipe {
    pendingHandle: null,
    sockets: { got: {}, send: {} },
    buffering: false,
    [Symbol(kJSONBuffer)]: '',
    [Symbol(kStringDecoder)]: StringDecoder {
      encoding: 'utf8',
      [Symbol(kNativeDecoder)]: <Buffer 00 00 00 00 00 00 01>
    }
  }
}